[2025-08-06 00:16:25,582] [INFO] - Central manager state updated: 5
[2025-08-06 00:16:25,583] [INFO] - Scanning for peripherals with services...
[2025-08-06 00:16:25,623] [INFO] - <B6F60CBC-1BE2-A0B1-CE57-600B1404CAAB, 0, Blake iPhone> - Discovered peripheral
[2025-08-06 00:16:29,727] [INFO] - <B6F60CBC-1BE2-A0B1-CE57-600B1404CAAB, 0, Blake iPhone> - Connecting to peripheral with services (RSSI: -40)
[2025-08-06 00:16:30,312] [INFO] - <B6F60CBC-1BE2-A0B1-CE57-600B1404CAAB, 2, Blake iPhone> - Connected to peripheral
[2025-08-06 00:16:30,312] [INFO] - <B6F60CBC-1BE2-A0B1-CE57-600B1404CAAB, 2, Blake iPhone> - Discovering peripheral's services
[2025-08-06 00:16:30,797] [INFO] - <B6F60CBC-1BE2-A0B1-CE57-600B1404CAAB, 2, Blake iPhone> - Discovered 6 services: ['180A', 'D0611E78-BBB4-4591-A5F8-487910AE4366', '9FA480E0-4967-4542-9390-D343DC5D04AE', '180F', '1805', 'F47B5E2D-4A9E-4C5A-9B3F-8E1D2C3A4B5C']
[2025-08-06 00:16:30,798] [INFO] - <B6F60CBC-1BE2-A0B1-CE57-600B1404CAAB, 2, Blake iPhone> - BITCHAT SERVICE FOUND - Discovering service characteristics...
[2025-08-06 00:16:30,910] [INFO] - <B6F60CBC-1BE2-A0B1-CE57-600B1404CAAB, 2, Blake iPhone> - Discovered 1 characteristics for service F47B5E2D-4A9E-4C5A-9B3F-8E1D2C3A4B5C: ['A1B2C3D4-E5F6-4A5B-8C9D-0E1F2A3B4C5D']
[2025-08-06 00:16:30,911] [INFO] - <B6F60CBC-1BE2-A0B1-CE57-600B1404CAAB, 2, Blake iPhone> - BITCHAT SERVICE CHARACTERISTIC FOUND
[2025-08-06 00:16:30,912] [INFO] - <B6F60CBC-1BE2-A0B1-CE57-600B1404CAAB, 2, Blake iPhone> - Sent ANNOUNCE payload
[2025-08-06 00:16:30,912] [INFO] - <B6F60CBC-1BE2-A0B1-CE57-600B1404CAAB, 2, Blake iPhone> - Sent NOISE_IDENTITY_ANNOUNCE
[2025-08-06 00:16:38,892] [INFO] - <B6F60CBC-1BE2-A0B1-CE57-600B1404CAAB, 2, Blake iPhone> - Received data: 010406000001987d986fa001005d483e946d7d610c75ffffffffffffffff10000001987d986fa02431333843423430342d433645352d343035462d393933462d3638424433344138423044350b68656c6c6f5f776f726c64001068656c6c6f20776f726c6420746573741034383365393436643764363130633735dfb6c059661b6613c6b32188f99e7dab9c5dbb0cf05794df704cb39c4f7b3b6b51c174ac2b6b91b5aa3473ffa395e0ff3984b19418f29baf72548127bb3985c396a36782fc7039c8a57f1e021fb92c39319f098316ee8bc79126d0ccf8e4f454ba1c9c329c4b3518f38fba87cabcdcba0be53f58a85b9ba22e04408e1a02f6e29e806ff585
[2025-08-06 00:16:38,893] [INFO] - Parsing: version=1, type=4 at pos=2
[2025-08-06 00:16:38,893] [INFO] - FRAGMENT packet detected. Passing to reassembler.
[2025-08-06 00:16:38,894] [INFO] - FRAGMENT: Reassembled inner payload for message UUID: 138CB404-C6E5-405F-993F-68BD34A8B0D5
[2025-08-06 00:16:38,894] [INFO] - <B6F60CBC-1BE2-A0B1-CE57-600B1404CAAB, 2, Blake iPhone> - Parsed packet: type=4, senderID=06000001987d986f, ttl=0
[2025-08-06 00:16:38,894] [INFO] - <B6F60CBC-1BE2-A0B1-CE57-600B1404CAAB, 2, Blake iPhone> - Received FRAGMENT, parsing inner message...
[2025-08-06 00:16:38,895] [DEBUG] - Note: 133 trailing bytes after message payload
[2025-08-06 00:16:38,895] [INFO] - --- SUCCESSFULLY DECODED MESSAGE ---
[2025-08-06 00:16:38,896] [INFO] -   Sender: hello_world
[2025-08-06 00:16:38,896] [INFO] -   Content: hello world test
[2025-08-06 00:16:38,896] [INFO] -   Sender PeerID: 483e946d7d610c75
[2025-08-06 00:16:38,896] [INFO] - ------------------------------------
[2025-08-06 00:16:52,478] [INFO] - <B6F60CBC-1BE2-A0B1-CE57-600B1404CAAB, 2, Blake iPhone> - Received data: 010406000001987d98a46e01005e483e946d7d610c75ffffffffffffffff10000001987d98a46e2444384644364446332d423339462d344332462d413737382d4546303933454544364536380b68656c6c6f5f776f726c64001168656c6c6f20426f73746f6e204d6573681034383365393436643764363130633735ee14847533d22a01d4ba89ca60f433f1467e12fcc314e7ec01eb7b1bd33db5be197ad5cd10234c9f02e84497d63f087fd143aea18006406562dc9d16a8a645894b00dfe63645ad36a81de433ac8156cf690a0008f5227d861d61e4813a9e8d654c78faa940878ed80a1d3a08c3066cad62686d225bba77600d14a78ff4076591ea7df384
[2025-08-06 00:16:52,478] [INFO] - Parsing: version=1, type=4 at pos=2
[2025-08-06 00:16:52,478] [INFO] - FRAGMENT packet detected. Passing to reassembler.
[2025-08-06 00:16:52,478] [INFO] - FRAGMENT: Reassembled inner payload for message UUID: D8FD6DF3-B39F-4C2F-A778-EF093EED6E68
[2025-08-06 00:16:52,478] [INFO] - <B6F60CBC-1BE2-A0B1-CE57-600B1404CAAB, 2, Blake iPhone> - Parsed packet: type=4, senderID=06000001987d98a4, ttl=0
[2025-08-06 00:16:52,478] [INFO] - <B6F60CBC-1BE2-A0B1-CE57-600B1404CAAB, 2, Blake iPhone> - Received FRAGMENT, parsing inner message...
[2025-08-06 00:16:52,478] [DEBUG] - Note: 132 trailing bytes after message payload
[2025-08-06 00:16:52,478] [INFO] - --- SUCCESSFULLY DECODED MESSAGE ---
[2025-08-06 00:16:52,478] [INFO] -   Sender: hello_world
[2025-08-06 00:16:52,478] [INFO] -   Content: hello Boston Mesh
[2025-08-06 00:16:52,478] [INFO] -   Sender PeerID: 483e946d7d610c75
[2025-08-06 00:16:52,478] [INFO] - ------------------------------------
[2025-08-06 00:16:59,771] [INFO] - <B6F60CBC-1BE2-A0B1-CE57-600B1404CAAB, 2, Blake iPhone> - Received data: 010103000001987d98c0f9000005483e946d7d610c75626c616b657de254bf936f196789fb282132ec6fd95dfa6f94397f7e0d9bcbf499212bab88b474284e1a8a73a8c0ee9a207e4e427798c5718e85494397ce9cc4fb928cd0351201fb539f732872078166f7a32f2fb17032a01a7522e790dc5ae31ec7045c23d3583d5426f437ac95f14563884d79e203663b59b26c7fa737453e88abb61d235102dbda445789d709f4f3487aa823fee9532c3cf9817880e897cfffba60d5dfed084bb574ee64a9047ad9467debcdfd87f576e5185546ec4f7311ee451091fa7d2eb8d2f5aaa17f0af6093ce23a39891670216fba292294946f4b73d227337d13aa29cfe5
[2025-08-06 00:16:59,771] [INFO] - Parsing: version=1, type=1 at pos=2
[2025-08-06 00:16:59,772] [ERROR] - Parsing failed: payload_len exceeds data length
[2025-08-06 00:16:59,772] [ERROR] - <B6F60CBC-1BE2-A0B1-CE57-600B1404CAAB, 2, Blake iPhone> - Failed to parse received packet.
[2025-08-06 00:16:59,772] [INFO] - <B6F60CBC-1BE2-A0B1-CE57-600B1404CAAB, 2, Blake iPhone> - Received data: 010103000001987d98c10a000005483e946d7d610c75626c616b65d75d2e7b85f298015aee5542080e6db1a10094aa1df048aeff078a71728c1635cf1a648c2c781035d77f257c248a08275d1ada29e74cd13d8af7e2829706f0f37f308b23f894eed22609b6fe0084f111c00129016e8cc10e62e5fe8e6e9578ccd4560f9b2ad1b0090b8eb029ff658aa136b18d91bb804d936a356f72cd0d3490490c2b87fd8421670d3eef0dd60c823ca57d4c9f9532061565af1b5de661ba312ce813fa06d9dfd778484014e8c84d9655b4001c7e0a52d617da3f0f386adea677b68d42d2f98d9ea3282d374f8cc523d9849501146d562c51480ea73a74e5ebfe1c436fe5
[2025-08-06 00:16:59,772] [INFO] - Parsing: version=1, type=1 at pos=2
[2025-08-06 00:16:59,773] [ERROR] - Parsing failed: payload_len exceeds data length
[2025-08-06 00:16:59,773] [ERROR] - <B6F60CBC-1BE2-A0B1-CE57-600B1404CAAB, 2, Blake iPhone> - Failed to parse received packet.
[2025-08-06 00:17:09,613] [INFO] - <B6F60CBC-1BE2-A0B1-CE57-600B1404CAAB, 2, Blake iPhone> - Received data: 010406000001987d98e7b001005b483e946d7d610c75ffffffffffffffff10000001987d98e7af2438413846313246342d323739342d344642462d423533322d31353943444431383636393705626c616b65001468656c6c6f20426f73746f6e204d657368203a2910343833653934366437643631306337354b17745eac0ab9d66fc0fd7a345dba56be061631326dbb98823ea219342116d1aa7c52e94dc33486c50664a6ee950b1343357f61e9a8b74a4bfc6a362a986e3e9dfe7f48c803b2c68b699a9f1396db9f2cd5abc544e854e256c51df71c57821a8c05291291ac2321f87fe6fbd3312da575a715623a336ed8b0af4a674e8640d7d1cb301fe35087
[2025-08-06 00:17:09,613] [INFO] - Parsing: version=1, type=4 at pos=2
[2025-08-06 00:17:09,613] [INFO] - FRAGMENT packet detected. Passing to reassembler.
[2025-08-06 00:17:09,614] [INFO] - FRAGMENT: Reassembled inner payload for message UUID: 8A8F12F4-2794-4FBF-B532-159CDD186697
[2025-08-06 00:17:09,614] [INFO] - <B6F60CBC-1BE2-A0B1-CE57-600B1404CAAB, 2, Blake iPhone> - Parsed packet: type=4, senderID=06000001987d98e7, ttl=0
[2025-08-06 00:17:09,614] [INFO] - <B6F60CBC-1BE2-A0B1-CE57-600B1404CAAB, 2, Blake iPhone> - Received FRAGMENT, parsing inner message...
[2025-08-06 00:17:09,614] [DEBUG] - Note: 59 trailing bytes after message payload
[2025-08-06 00:17:09,614] [INFO] - --- SUCCESSFULLY DECODED MESSAGE ---
[2025-08-06 00:17:09,614] [INFO] -   Sender: blake
[2025-08-06 00:17:09,614] [INFO] -   Content: hello Boston Mesh :)
[2025-08-06 00:17:09,614] [INFO] -   Sender PeerID: 483e946d7d610c75
[2025-08-06 00:17:09,615] [INFO] - ------------------------------------
...