[2025-08-05 23:22:21,473] [INFO] - Central manager state updated: 5
[2025-08-05 23:22:21,474] [INFO] - Scanning for peripherals with services...
[2025-08-05 23:22:22,165] [INFO] - <B6F60CBC-1BE2-A0B1-CE57-600B1404CAAB, 0, Blake iPhone> - Discovered peripheral
[2025-08-05 23:22:26,009] [INFO] - <B6F60CBC-1BE2-A0B1-CE57-600B1404CAAB, 0, Blake iPhone> - Connecting to peripheral with services (RSSI: -36)
[2025-08-05 23:22:26,448] [INFO] - <B6F60CBC-1BE2-A0B1-CE57-600B1404CAAB, 2, Blake iPhone> - Connected to peripheral
[2025-08-05 23:22:26,448] [INFO] - <B6F60CBC-1BE2-A0B1-CE57-600B1404CAAB, 2, Blake iPhone> - Discovering peripheral's services
[2025-08-05 23:22:26,925] [INFO] - <B6F60CBC-1BE2-A0B1-CE57-600B1404CAAB, 2, Blake iPhone> - Discovered 6 services: ['180A', 'D0611E78-BBB4-4591-A5F8-487910AE4366', '9FA480E0-4967-4542-9390-D343DC5D04AE', '180F', '1805', 'F47B5E2D-4A9E-4C5A-9B3F-8E1D2C3A4B5C']
[2025-08-05 23:22:26,926] [INFO] - <B6F60CBC-1BE2-A0B1-CE57-600B1404CAAB, 2, Blake iPhone> - BITCHAT SERVICE FOUND - Discovering service characteristics...
[2025-08-05 23:22:27,046] [INFO] - <B6F60CBC-1BE2-A0B1-CE57-600B1404CAAB, 2, Blake iPhone> - Discovered 1 characteristics for service F47B5E2D-4A9E-4C5A-9B3F-8E1D2C3A4B5C: ['A1B2C3D4-E5F6-4A5B-8C9D-0E1F2A3B4C5D']
[2025-08-05 23:22:27,047] [INFO] - <B6F60CBC-1BE2-A0B1-CE57-600B1404CAAB, 2, Blake iPhone> - BITCHAT SERVICE CHARACTERISTIC FOUND
[2025-08-05 23:22:27,048] [INFO] - <B6F60CBC-1BE2-A0B1-CE57-600B1404CAAB, 2, Blake iPhone> - Sent ANNOUNCE payload
[2025-08-05 23:22:27,048] [INFO] - <B6F60CBC-1BE2-A0B1-CE57-600B1404CAAB, 2, Blake iPhone> - Sent NOISE_IDENTITY_ANNOUNCE
[2025-08-05 23:22:37,099] [INFO] - <B6F60CBC-1BE2-A0B1-CE57-600B1404CAAB, 2, Blake iPhone> - Received notification: 010406000001987d66f809010065483e946d7d610c75ffffffffffffffff10000001987d66f8092439354332423546382d334543342d344235432d414430372d3539383032353242444639410b68656c6c6f5f776f726c64001868656c6c6f20776f726c642074657374206d6573736167651034383365393436643764363130633735e0b02b3372094e253f3ba0c7bcfe1d1cbcea7575d7c6acaa80e5a1be5e0867a6d4d653171e4fe1191db29334a5f0208746f1471b551f2370e05b2f373e2b0422e0a85085e68f8a01fe080061278410460f3099af660556da74e18803279a3176271ddd6eafaebfe4ce34ebf23921aca451bbde214723db7bb9f437c47d
[2025-08-05 23:22:37,099] [INFO] - Parsing: version=1 at pos=1
[2025-08-05 23:22:37,099] [INFO] - Parsing: type=4 at pos=2
[2025-08-05 23:22:37,100] [INFO] - Parsing: senderID=06000001987d66f8 at pos=10
[2025-08-05 23:22:37,100] [INFO] - Parsing: recipientID=09010065483e946d at pos=18
[2025-08-05 23:22:37,100] [INFO] - Parsing: timestamp=9034516028427599871 at pos=26
[2025-08-05 23:22:37,100] [INFO] - Parsing: ttl=255 at pos=27
[2025-08-05 23:22:37,100] [INFO] - Parsing: payload_len=65535 at pos=29
[2025-08-05 23:22:37,100] [ERROR] - Parsing failed: payload_len exceeds data length
[2025-08-05 23:22:37,100] [INFO] - <B6F60CBC-1BE2-A0B1-CE57-600B1404CAAB, 2, Blake iPhone> - Failed to parse received packet - attempting alternative parse
[2025-08-05 23:22:37,101] [INFO] - Parsing: version=152 at pos=1
[2025-08-05 23:22:37,101] [INFO] - Parsing: type=125 at pos=2
[2025-08-05 23:22:37,101] [INFO] - Parsing: senderID=66f809010065483e at pos=10
[2025-08-05 23:22:37,101] [INFO] - Parsing: recipientID=946d7d610c75ffff at pos=18
[2025-08-05 23:22:37,101] [INFO] - Parsing: timestamp=18446744073709490176 at pos=26
[2025-08-05 23:22:37,101] [INFO] - Parsing: ttl=0 at pos=27
[2025-08-05 23:22:37,101] [INFO] - Parsing: payload_len=408 at pos=29
[2025-08-05 23:22:37,101] [ERROR] - Parsing failed: payload_len exceeds data length
^C%  